SHINOBI OPERATIONS LOG
Initiated: 2026-02-09T09:19:44.337334
============================================================

[2026-02-09T10:04:46.161621] [EXECUTING] Agent 5e1d94b6f7e9
  Operation: MISSION_START
  Details: Received mission directive

[2026-02-09T10:04:46.205374] [EXECUTING] Agent 5e1d94b6f7e9
  Operation: INSTRUCTIONS_LOADED
  Details: Loaded profile data for: Jay Nelson

[2026-02-09T10:04:46.205635] [EXECUTING] Agent 5e1d94b6f7e9
  Operation: PHASE_1
  Details: Creating operational email account

[2026-02-09T10:05:59.663635] [SUCCESS] Agent 5e1d94b6f7e9
  Operation: EMAIL_CREATED
  Details: Created: jaynelsondev3148@proton.me

[2026-02-09T10:05:59.664215] [EXECUTING] Agent 5e1d94b6f7e9
  Operation: PHASE_2
  Details: Registering on gig platforms

[2026-02-09T10:05:59.664505] [EXECUTING] Agent 5e1d94b6f7e9
  Operation: PLATFORM_UPWORK
  Details: Attempting registration

[2026-02-10T06:05:08.110203] [EXECUTING] Agent 3ccab676a98b
  Operation: MISSION_START
  Details: Received mission directive

[2026-02-10T06:05:08.167797] [EXECUTING] Agent 3ccab676a98b
  Operation: INSTRUCTIONS_LOADED
  Details: Loaded profile data for: Jay Nelson

[2026-02-10T06:05:08.167862] [EXECUTING] Agent 3ccab676a98b
  Operation: PHASE_1
  Details: Creating operational email account

[2026-02-10T06:05:36.858575] [SUCCESS] Agent 3ccab676a98b
  Operation: EMAIL_CREATED
  Details: Created: Dopamine_Ronin5317@proton.me

[2026-02-10T06:05:36.858653] [EXECUTING] Agent 3ccab676a98b
  Operation: PHASE_2
  Details: Registering on gig platforms

[2026-02-10T06:05:36.858700] [EXECUTING] Agent 3ccab676a98b
  Operation: PLATFORM_UPWORK
  Details: Attempting registration

[2026-02-10T06:07:08.147979] [SUCCESS] Agent 3ccab676a98b
  Operation: PLATFORM_UPWORK
  Details: Registration complete

[2026-02-10T06:08:01.569347] [EXECUTING] Agent 3ccab676a98b
  Operation: PLATFORM_FIVERR
  Details: Attempting registration

[2026-02-10T06:09:39.835143] [SUCCESS] Agent 3ccab676a98b
  Operation: PLATFORM_FIVERR
  Details: Registration complete

[2026-02-10T06:10:29.852835] [SUCCESS] Agent 3ccab676a98b
  Operation: MISSION_COMPLETE
  Details: Completed 3 operations

[2026-02-10T06:10:29.947184] [EXECUTING] Agent 4f2db95e4df7
  Operation: MISSION_START
  Details: Received mission directive

[2026-02-10T06:10:30.004612] [EXECUTING] Agent 4f2db95e4df7
  Operation: INSTRUCTIONS_LOADED
  Details: Loaded profile data for: Jay Nelson

[2026-02-10T06:10:30.004739] [EXECUTING] Agent 4f2db95e4df7
  Operation: PHASE_1
  Details: Creating operational email account

[2026-02-10T06:10:57.428667] [SUCCESS] Agent 4f2db95e4df7
  Operation: EMAIL_CREATED
  Details: Created: dopamine_ronin3219@proton.me

[2026-02-10T06:10:57.428763] [EXECUTING] Agent 4f2db95e4df7
  Operation: PHASE_2
  Details: Registering on gig platforms

[2026-02-10T06:10:57.428806] [EXECUTING] Agent 4f2db95e4df7
  Operation: PLATFORM_UPWORK
  Details: Attempting registration

[2026-02-10T06:12:45.008167] [SUCCESS] Agent 4f2db95e4df7
  Operation: PLATFORM_UPWORK
  Details: Registration complete

[2026-02-10T06:13:23.756948] [EXECUTING] Agent 4f2db95e4df7
  Operation: PLATFORM_FIVERR
  Details: Attempting registration

[2026-02-10T06:15:02.415012] [SUCCESS] Agent 4f2db95e4df7
  Operation: PLATFORM_FIVERR
  Details: Registration complete

[2026-02-10T06:15:37.997074] [SUCCESS] Agent 4f2db95e4df7
  Operation: MISSION_COMPLETE
  Details: Completed 3 operations

[2026-02-10T06:15:38.106735] [EXECUTING] Agent 34e4982308b1
  Operation: MISSION_START
  Details: Received mission directive

[2026-02-10T06:15:38.163874] [EXECUTING] Agent 34e4982308b1
  Operation: INSTRUCTIONS_LOADED
  Details: Loaded profile data for: Jay Nelson

[2026-02-10T06:15:38.163952] [EXECUTING] Agent 34e4982308b1
  Operation: PHASE_1
  Details: Creating operational email account

[2026-02-10T06:16:08.658945] [SUCCESS] Agent 34e4982308b1
  Operation: EMAIL_CREATED
  Details: Created: DopamineRonin1205@proton.me

[2026-02-10T06:16:08.659020] [EXECUTING] Agent 34e4982308b1
  Operation: PHASE_2
  Details: Registering on gig platforms

[2026-02-10T06:16:08.659080] [EXECUTING] Agent 34e4982308b1
  Operation: PLATFORM_UPWORK
  Details: Attempting registration

[2026-02-10T06:17:56.395743] [SUCCESS] Agent 34e4982308b1
  Operation: PLATFORM_UPWORK
  Details: Registration complete

[2026-02-10T06:18:49.548989] [EXECUTING] Agent 34e4982308b1
  Operation: PLATFORM_FIVERR
  Details: Attempting registration

[2026-02-10T06:20:28.872322] [SUCCESS] Agent 34e4982308b1
  Operation: PLATFORM_FIVERR
  Details: Registration complete

[2026-02-10T06:21:18.029503] [SUCCESS] Agent 34e4982308b1
  Operation: MISSION_COMPLETE
  Details: Completed 3 operations
